{
    "path": "evaluated_models/baichuan7bchat.json",
    "average_score": 69.14633319807834,
    "logs": [
        {
            "xc": 2,
            "xs": [
                -8,
                -6,
                0,
                4,
                8
            ],
            "yc": 62.49199295043945
        },
        {
            "xc": -1,
            "xs": [
                -8,
                -4,
                1,
                4,
                8
            ],
            "yc": 40.09420394897461
        },
        {
            "xc": 6,
            "xs": [
                -9,
                -6,
                -2,
                4,
                7
            ],
            "yc": 91.18462371826172
        },
        {
            "xc": 2,
            "xs": [
                -8,
                -6,
                0,
                4,
                8
            ],
            "yc": 62.49199295043945
        },
        {
            "xc": 4,
            "xs": [
                -8,
                -6,
                -2,
                4,
                8
            ],
            "yc": 75
        },
        {
            "xc": 3,
            "xs": [
                -7,
                -6,
                -2,
                4,
                8
            ],
            "yc": 70.36637878417969
        },
        {
            "xc": 10,
            "xs": [
                -10,
                -6,
                -2,
                2,
                6
            ],
            "yc": 100
        },
        {
            "xc": 1,
            "xs": [
                -8,
                -6,
                0,
                4,
                9
            ],
            "yc": 56.4521484375
        },
        {
            "xc": 3,
            "xs": [
                -7,
                -6,
                -2,
                6,
                6
            ],
            "yc": 65.88983154296875
        },
        {
            "xc": 3,
            "xs": [
                -8,
                -6,
                0,
                4,
                7
            ],
            "yc": 68.5270767211914
        },
        {
            "xc": 1,
            "xs": [
                -7,
                -6,
                0,
                4,
                8
            ],
            "yc": 56.50349807739258
        },
        {
            "xc": 2,
            "xs": [
                -8,
                -6,
                0,
                4,
                8
            ],
            "yc": 62.49199295043945
        },
        {
            "xc": 5,
            "xs": [
                -9,
                -6,
                0,
                4,
                6
            ],
            "yc": 87.10908508300781
        },
        {
            "xc": 2,
            "xs": [
                -8,
                -6,
                0,
                4,
                8
            ],
            "yc": 62.49199295043945
        },
        {
            "xc": 0,
            "xs": [
                -7,
                -6,
                0,
                5,
                8
            ],
            "yc": 50
        },
        {
            "xc": 6,
            "xs": [
                -8,
                -6,
                -2,
                4,
                6
            ],
            "yc": 100
        },
        {
            "xc": 3,
            "xs": [
                -8,
                -6,
                0,
                5,
                6
            ],
            "yc": 65.27777862548828
        },
        {
            "xc": 4,
            "xs": [
                -8,
                -6,
                -1,
                3,
                8
            ],
            "yc": 79.74808502197266
        },
        {
            "xc": 5,
            "xs": [
                -9,
                -6,
                0,
                4,
                6
            ],
            "yc": 87.10908508300781
        },
        {
            "xc": 2,
            "xs": [
                -8,
                -6,
                0,
                4,
                8
            ],
            "yc": 62.49199295043945
        },
        {
            "xc": 4,
            "xs": [
                -8,
                -6,
                -2,
                4,
                8
            ],
            "yc": 75
        },
        {
            "xc": -4,
            "xs": [
                -8,
                -2,
                0,
                4,
                10
            ],
            "yc": 17.477611541748047
        },
        {
            "xc": 8,
            "xs": [
                -10,
                -6,
                -2,
                2,
                8
            ],
            "yc": 100
        },
        {
            "xc": 2,
            "xs": [
                -8,
                -5,
                0,
                3,
                8
            ],
            "yc": 66.39395141601562
        },
        {
            "xc": 6,
            "xs": [
                -10,
                -6,
                0,
                4,
                6
            ],
            "yc": 100
        },
        {
            "xc": -4,
            "xs": [
                -6,
                -4,
                0,
                6,
                8
            ],
            "yc": 25
        },
        {
            "xc": 6,
            "xs": [
                -8,
                -6,
                -2,
                2,
                8
            ],
            "yc": 90.72379302978516
        },
        {
            "xc": 5,
            "xs": [
                -8,
                -6,
                -2,
                3,
                8
            ],
            "yc": 84.42731475830078
        },
        {
            "xc": 6,
            "xs": [
                -8,
                -6,
                -2,
                2,
                8
            ],
            "yc": 90.72379302978516
        },
        {
            "xc": 6,
            "xs": [
                -8,
                -6,
                -2,
                2,
                8
            ],
            "yc": 90.72379302978516
        },
        {
            "xc": -6,
            "xs": [
                -7,
                -4,
                1,
                6,
                10
            ],
            "yc": 8.859302520751953
        },
        {
            "xc": 2,
            "xs": [
                -8,
                -6,
                -2,
                6,
                8
            ],
            "yc": 62.485137939453125
        },
        {
            "xc": 0,
            "xs": [
                -7,
                -6,
                -1,
                6,
                8
            ],
            "yc": 53.941131591796875
        },
        {
            "xc": 5,
            "xs": [
                -9,
                -6,
                0,
                4,
                6
            ],
            "yc": 87.10908508300781
        },
        {
            "xc": 0,
            "xs": [
                -7,
                -6,
                0,
                5,
                8
            ],
            "yc": 50
        },
        {
            "xc": -2,
            "xs": [
                -8,
                -6,
                0,
                6,
                10
            ],
            "yc": 41.237831115722656
        },
        {
            "xc": 0,
            "xs": [
                -7,
                -6,
                0,
                4,
                9
            ],
            "yc": 50
        },
        {
            "xc": 2,
            "xs": [
                -8,
                -6,
                0,
                6,
                6
            ],
            "yc": 59.138912200927734
        },
        {
            "xc": 5,
            "xs": [
                -8,
                -6,
                -1,
                4,
                6
            ],
            "yc": 87.1561279296875
        },
        {
            "xc": 1,
            "xs": [
                -7,
                -6,
                -1,
                5,
                8
            ],
            "yc": 58.55106735229492
        },
        {
            "xc": -1,
            "xs": [
                -9,
                -6,
                2,
                4,
                10
            ],
            "yc": 40.74532699584961
        },
        {
            "xc": 4,
            "xs": [
                -9,
                -6,
                0,
                4,
                7
            ],
            "yc": 75
        },
        {
            "xc": 2,
            "xs": [
                -8,
                -6,
                0,
                4,
                8
            ],
            "yc": 62.49199295043945
        },
        {
            "xc": 2,
            "xs": [
                -9,
                -6,
                1,
                4,
                8
            ],
            "yc": 58.55433654785156
        },
        {
            "xc": 7,
            "xs": [
                -10,
                -6,
                -2,
                3,
                8
            ],
            "yc": 94.37982177734375
        },
        {
            "xc": -7,
            "xs": [
                -8,
                -2,
                1,
                6,
                10
            ],
            "yc": 4.8950276374816895
        },
        {
            "xc": 6,
            "xs": [
                -10,
                -6,
                0,
                4,
                6
            ],
            "yc": 100
        },
        {
            "xc": 2,
            "xs": [
                -10,
                -6,
                2,
                4,
                8
            ],
            "yc": 50
        },
        {
            "xc": 2,
            "xs": [
                -8,
                -6,
                0,
                4,
                8
            ],
            "yc": 62.49199295043945
        },
        {
            "xc": 5,
            "xs": [
                -9,
                -6,
                -2,
                4,
                8
            ],
            "yc": 81.02288055419922
        },
        {
            "xc": 1,
            "xs": [
                -7,
                -6,
                0,
                2,
                10
            ],
            "yc": 62.36867141723633
        },
        {
            "xc": 6,
            "xs": [
                -10,
                -6,
                0,
                2,
                8
            ],
            "yc": 90.53118896484375
        },
        {
            "xc": 6,
            "xs": [
                -8,
                -6,
                -2,
                3,
                7
            ],
            "yc": 93.13819885253906
        },
        {
            "xc": 7,
            "xs": [
                -8,
                -6,
                -1,
                2,
                6
            ],
            "yc": 100
        },
        {
            "xc": 8,
            "xs": [
                -8,
                -6,
                -2,
                2,
                6
            ],
            "yc": 100
        },
        {
            "xc": 5,
            "xs": [
                -8,
                -6,
                0,
                2,
                7
            ],
            "yc": 88.91606903076172
        },
        {
            "xc": 4,
            "xs": [
                -8,
                -6,
                0,
                2,
                8
            ],
            "yc": 82.54084777832031
        },
        {
            "xc": 2,
            "xs": [
                -8,
                -6,
                2,
                2,
                8
            ],
            "yc": 62.5
        },
        {
            "xc": 4,
            "xs": [
                -8,
                -6,
                0,
                2,
                8
            ],
            "yc": 82.54084777832031
        },
        {
            "xc": 4,
            "xs": [
                -8,
                -6,
                -1,
                3,
                8
            ],
            "yc": 79.74808502197266
        },
        {
            "xc": 4,
            "xs": [
                -9,
                -6,
                -1,
                2,
                10
            ],
            "yc": 80.6876220703125
        },
        {
            "xc": 5,
            "xs": [
                -9,
                -6,
                -2,
                2,
                10
            ],
            "yc": 83.56732177734375
        },
        {
            "xc": 4,
            "xs": [
                -10,
                -6,
                0,
                2,
                10
            ],
            "yc": 80.59477996826172
        },
        {
            "xc": -3,
            "xs": [
                -7,
                -6,
                2,
                4,
                10
            ],
            "yc": 34.54004669189453
        },
        {
            "xc": 2,
            "xs": [
                -7,
                -6,
                0,
                3,
                8
            ],
            "yc": 66.42735290527344
        },
        {
            "xc": 1,
            "xs": [
                -8,
                -4,
                0,
                3,
                8
            ],
            "yc": 58.380699157714844
        },
        {
            "xc": -4,
            "xs": [
                -8,
                -6,
                2,
                6,
                10
            ],
            "yc": 31.547773361206055
        },
        {
            "xc": 1,
            "xs": [
                -8,
                -6,
                -2,
                5,
                10
            ],
            "yc": 60.535118103027344
        },
        {
            "xc": 5,
            "xs": [
                -8,
                -6,
                -2,
                3,
                8
            ],
            "yc": 84.42731475830078
        },
        {
            "xc": 4,
            "xs": [
                -10,
                -6,
                -2,
                4,
                10
            ],
            "yc": 75
        },
        {
            "xc": -1,
            "xs": [
                -7,
                -6,
                2,
                6,
                6
            ],
            "yc": 40.35782241821289
        },
        {
            "xc": 4,
            "xs": [
                -8,
                -6,
                -2,
                4,
                8
            ],
            "yc": 75
        },
        {
            "xc": 4,
            "xs": [
                -8,
                -6,
                -2,
                2,
                10
            ],
            "yc": 80.7498779296875
        },
        {
            "xc": 5,
            "xs": [
                -10,
                -6,
                1,
                2,
                8
            ],
            "yc": 86.20923614501953
        },
        {
            "xc": 0,
            "xs": [
                -8,
                -4,
                0,
                4,
                8
            ],
            "yc": 50
        },
        {
            "xc": -7,
            "xs": [
                -7,
                -4,
                2,
                6,
                10
            ],
            "yc": 0
        },
        {
            "xc": 1,
            "xs": [
                -7,
                -6,
                0,
                2,
                10
            ],
            "yc": 62.36867141723633
        },
        {
            "xc": 3,
            "xs": [
                -10,
                -6,
                2,
                2,
                9
            ],
            "yc": 77.90599060058594
        },
        {
            "xc": 6,
            "xs": [
                -10,
                -6,
                -2,
                2,
                10
            ],
            "yc": 86.4802017211914
        },
        {
            "xc": 5,
            "xs": [
                -8,
                -6,
                -1,
                2,
                8
            ],
            "yc": 86.5221939086914
        },
        {
            "xc": 4,
            "xs": [
                -10,
                -6,
                -2,
                6,
                8
            ],
            "yc": 68.45222473144531
        },
        {
            "xc": 6,
            "xs": [
                -10,
                -6,
                -1,
                4,
                7
            ],
            "yc": 91.14069366455078
        },
        {
            "xc": 1,
            "xs": [
                -9,
                -6,
                1,
                4,
                9
            ],
            "yc": 50
        },
        {
            "xc": 4,
            "xs": [
                -10,
                -6,
                0,
                4,
                8
            ],
            "yc": 75
        },
        {
            "xc": 8,
            "xs": [
                -10,
                -6,
                -2,
                2,
                8
            ],
            "yc": 100
        },
        {
            "xc": 6,
            "xs": [
                -10,
                -6,
                0,
                2,
                8
            ],
            "yc": 90.53118896484375
        },
        {
            "xc": 2,
            "xs": [
                -8,
                -6,
                0,
                4,
                8
            ],
            "yc": 62.49199295043945
        },
        {
            "xc": 1,
            "xs": [
                -8,
                -6,
                2,
                3,
                8
            ],
            "yc": 46.747352600097656
        },
        {
            "xc": 2,
            "xs": [
                -8,
                -6,
                0,
                4,
                8
            ],
            "yc": 62.49199295043945
        },
        {
            "xc": 2,
            "xs": [
                -8,
                -6,
                0,
                4,
                8
            ],
            "yc": 62.49199295043945
        },
        {
            "xc": 10,
            "xs": [
                -10,
                -6,
                -2,
                2,
                6
            ],
            "yc": 100
        },
        {
            "xc": -1,
            "xs": [
                -8,
                -6,
                1,
                4,
                10
            ],
            "yc": 42.59519577026367
        },
        {
            "xc": -4,
            "xs": [
                -6,
                -6,
                2,
                4,
                10
            ],
            "yc": 31.194028854370117
        },
        {
            "xc": 5,
            "xs": [
                -9,
                -6,
                0,
                2,
                8
            ],
            "yc": 86.39629364013672
        },
        {
            "xc": 8,
            "xs": [
                -8,
                -6,
                -2,
                2,
                6
            ],
            "yc": 100
        },
        {
            "xc": 0,
            "xs": [
                -8,
                -6,
                -2,
                6,
                10
            ],
            "yc": 56.41263961791992
        },
        {
            "xc": 4,
            "xs": [
                -10,
                -6,
                2,
                2,
                8
            ],
            "yc": 82.01793670654297
        },
        {
            "xc": 5,
            "xs": [
                -9,
                -6,
                -2,
                2,
                10
            ],
            "yc": 83.56732177734375
        },
        {
            "xc": 2,
            "xs": [
                -8,
                -6,
                0,
                2,
                10
            ],
            "yc": 75
        },
        {
            "xc": 1,
            "xs": [
                -8,
                -6,
                1,
                4,
                8
            ],
            "yc": 50
        },
        {
            "xc": 5,
            "xs": [
                -8,
                -6,
                -2,
                3,
                8
            ],
            "yc": 84.42731475830078
        },
        {
            "xc": -6,
            "xs": [
                -6,
                -6,
                2,
                6,
                10
            ],
            "yc": 12.5
        },
        {
            "xc": 4,
            "xs": [
                -8,
                -6,
                -1,
                4,
                7
            ],
            "yc": 75
        },
        {
            "xc": -1,
            "xs": [
                -7,
                -6,
                0,
                6,
                8
            ],
            "yc": 45.31554412841797
        },
        {
            "xc": 1,
            "xs": [
                -8,
                -6,
                1,
                4,
                8
            ],
            "yc": 50
        },
        {
            "xc": 2,
            "xs": [
                -8,
                -6,
                0,
                4,
                8
            ],
            "yc": 62.49199295043945
        },
        {
            "xc": 0,
            "xs": [
                -8,
                -6,
                0,
                6,
                8
            ],
            "yc": 50
        },
        {
            "xc": 3,
            "xs": [
                -9,
                -6,
                0,
                4,
                8
            ],
            "yc": 68.48109436035156
        },
        {
            "xc": 4,
            "xs": [
                -10,
                -6,
                0,
                4,
                8
            ],
            "yc": 75
        },
        {
            "xc": 6,
            "xs": [
                -10,
                -6,
                -1,
                3,
                8
            ],
            "yc": 89.16891479492188
        },
        {
            "xc": 4,
            "xs": [
                -10,
                -6,
                0,
                4,
                8
            ],
            "yc": 75
        },
        {
            "xc": 9,
            "xs": [
                -10,
                -6,
                -1,
                2,
                6
            ],
            "yc": 100
        },
        {
            "xc": 5,
            "xs": [
                -10,
                -6,
                -2,
                4,
                9
            ],
            "yc": 79.8077621459961
        },
        {
            "xc": 6,
            "xs": [
                -10,
                -6,
                -2,
                4,
                8
            ],
            "yc": 86.96841430664062
        },
        {
            "xc": -5,
            "xs": [
                -8,
                -4,
                1,
                6,
                10
            ],
            "yc": 19.001636505126953
        },
        {
            "xc": 4,
            "xs": [
                -10,
                -6,
                0,
                4,
                8
            ],
            "yc": 75
        },
        {
            "xc": 5,
            "xs": [
                -10,
                -6,
                -1,
                4,
                8
            ],
            "yc": 80.99836730957031
        },
        {
            "xc": 4,
            "xs": [
                -10,
                -6,
                -2,
                6,
                8
            ],
            "yc": 68.45222473144531
        },
        {
            "xc": 6,
            "xs": [
                -10,
                -6,
                -1,
                3,
                8
            ],
            "yc": 89.16891479492188
        },
        {
            "xc": 4,
            "xs": [
                -8,
                -6,
                -2,
                4,
                8
            ],
            "yc": 75
        },
        {
            "xc": 4,
            "xs": [
                -10,
                -5,
                0,
                3,
                8
            ],
            "yc": 79.70169067382812
        },
        {
            "xc": 10,
            "xs": [
                -10,
                -6,
                -2,
                2,
                6
            ],
            "yc": 100
        }
    ]
}