{
    "path": "evaluated_models/chatglm-6b.json",
    "average_score": NaN,
    "logs": [
        {
            "xc": -2,
            "xs": [
                -8,
                -6,
                1,
                6,
                9
            ],
            "yc": 61.34732286265639
        },
        {
            "xc": 2,
            "xs": [
                -8,
                -6,
                1,
                3,
                8
            ],
            "yc": 62.49583435058594
        },
        {
            "xc": 3,
            "xs": [
                -7,
                -6,
                -1,
                4,
                7
            ],
            "yc": 69.65570068359375
        },
        {
            "xc": 2,
            "xs": [
                -8,
                -6,
                0,
                4,
                8
            ],
            "yc": 62.49199295043945
        },
        {
            "xc": 5,
            "xs": [
                -9,
                -6,
                -2,
                6,
                6
            ],
            "yc": 71.9526138305664
        },
        {
            "xc": 3,
            "xs": [
                -7,
                -6,
                -2,
                4,
                8
            ],
            "yc": 70.36637878417969
        },
        {
            "xc": 10,
            "xs": [
                -10,
                -6,
                -2,
                2,
                6
            ],
            "yc": 100
        },
        {
            "xc": 1,
            "xs": [
                -8,
                -6,
                0,
                4,
                9
            ],
            "yc": 56.4521484375
        },
        {
            "xc": 3,
            "xs": [
                -7,
                -6,
                -2,
                6,
                6
            ],
            "yc": 65.88983154296875
        },
        {
            "xc": 6,
            "xs": [
                -9,
                -6,
                -1,
                4,
                6
            ],
            "yc": 100
        },
        {
            "xc": 2,
            "xs": [
                -8,
                -6,
                0,
                4,
                8
            ],
            "yc": 62.49199295043945
        },
        {
            "xc": 2,
            "xs": [
                -8,
                -6,
                0,
                4,
                8
            ],
            "yc": 62.49199295043945
        },
        {
            "xc": 4,
            "xs": [
                -8,
                -6,
                0,
                4,
                6
            ],
            "yc": 75
        },
        {
            "xc": 2,
            "xs": [
                -8,
                -6,
                0,
                4,
                8
            ],
            "yc": 62.49199295043945
        },
        {
            "xc": 3,
            "xs": [
                -9,
                -6,
                0,
                4,
                8
            ],
            "yc": 68.48109436035156
        },
        {
            "xc": 5,
            "xs": [
                -7,
                -6,
                -2,
                4,
                6
            ],
            "yc": 87.18903350830078
        },
        {
            "xc": 5,
            "xs": [
                -9,
                -6,
                0,
                4,
                6
            ],
            "yc": 87.10908508300781
        },
        {
            "xc": 4,
            "xs": [
                -8,
                -6,
                -1,
                4,
                7
            ],
            "yc": 75
        },
        {
            "xc": 4,
            "xs": [
                -8,
                -6,
                0,
                4,
                6
            ],
            "yc": 75
        },
        {
            "xc": 3,
            "xs": [
                -8,
                -6,
                -1,
                4,
                8
            ],
            "yc": 69.62061309814453
        },
        {
            "xc": 3,
            "xs": [
                -8,
                -6,
                -1,
                4,
                8
            ],
            "yc": 69.62061309814453
        },
        {
            "xc": 2,
            "xs": [
                -8,
                -4,
                -2,
                4,
                8
            ],
            "yc": 66.03618621826172
        },
        {
            "xc": 2,
            "xs": [
                -8,
                -4,
                -2,
                2,
                10
            ],
            "yc": 75
        },
        {
            "xc": -8,
            "xs": [
                -6,
                -4,
                2,
                6,
                10
            ],
            "yc": 0
        },
        {
            "xc": 2,
            "xs": [
                -10,
                -6,
                0,
                4,
                10
            ],
            "yc": 62.39200973510742
        },
        {
            "xc": -6,
            "xs": [
                -6,
                -2,
                0,
                6,
                8
            ],
            "yc": 0
        },
        {
            "xc": 5,
            "xs": [
                -8,
                -6,
                -1,
                2,
                8
            ],
            "yc": 86.5221939086914
        },
        {
            "xc": 4,
            "xs": [
                -8,
                -6,
                -2,
                4,
                8
            ],
            "yc": 75
        },
        {
            "xc": 6,
            "xs": [
                -9,
                -6,
                -2,
                3,
                8
            ],
            "yc": 89.23675537109375
        },
        {
            "xc": -3,
            "xs": [
                -6,
                -6,
                1,
                4,
                10
            ],
            "yc": 35.3477897644043
        },
        {
            "xc": -5,
            "xs": [
                -8,
                -2,
                -1,
                6,
                10
            ],
            "yc": 13.79076099395752
        },
        {
            "xc": 2,
            "xs": [
                -8,
                -6,
                -2,
                6,
                8
            ],
            "yc": 62.485137939453125
        },
        {
            "xc": -6,
            "xs": [
                -7,
                -4,
                1,
                6,
                10
            ],
            "yc": 8.859302520751953
        },
        {
            "xc": -6,
            "xs": [
                -6,
                -6,
                2,
                6,
                10
            ],
            "yc": 12.5
        },
        {
            "xc": -1,
            "xs": [
                -6,
                -6,
                0,
                6,
                7
            ],
            "yc": 45.19084167480469
        },
        {
            "xc": 3,
            "xs": [
                -8,
                -6,
                -2,
                5,
                8
            ],
            "yc": 67.45191955566406
        },
        {
            "xc": 6,
            "xs": [
                -9,
                -6,
                -2,
                4,
                7
            ],
            "yc": 91.18462371826172
        },
        {
            "xc": 2,
            "xs": [
                -8,
                -6,
                0,
                4,
                8
            ],
            "yc": 62.49199295043945
        },
        {
            "xc": 7,
            "xs": [
                -9,
                -6,
                0,
                2,
                6
            ],
            "yc": 100
        },
        {
            "xc": 4,
            "xs": [
                -8,
                -6,
                -2,
                4,
                8
            ],
            "yc": 75
        },
        {
            "xc": 0,
            "xs": [
                -8,
                -6,
                2,
                4,
                8
            ],
            "yc": 43.60986328125
        },
        {
            "xc": -3,
            "xs": [
                -9,
                -4,
                2,
                4,
                10
            ],
            "yc": 29.748735427856445
        },
        {
            "xc": 5,
            "xs": [
                -9,
                -6,
                -2,
                4,
                8
            ],
            "yc": 81.02288055419922
        },
        {
            "xc": 2,
            "xs": [
                -10,
                -6,
                1,
                5,
                8
            ],
            "yc": 56.6230583190918
        },
        {
            "xc": 2,
            "xs": [
                -10,
                -6,
                1,
                5,
                8
            ],
            "yc": 56.6230583190918
        },
        {
            "xc": 6,
            "xs": [
                -10,
                -6,
                -2,
                4,
                8
            ],
            "yc": 86.96841430664062
        },
        {
            "xc": 3,
            "xs": [
                -10,
                -4,
                0,
                4,
                7
            ],
            "yc": 68.4449691772461
        },
        {
            "xc": -6,
            "xs": [
                -6,
                -6,
                2,
                6,
                10
            ],
            "yc": 12.5
        },
        {
            "xc": 5,
            "xs": [
                -9,
                -6,
                -2,
                4,
                8
            ],
            "yc": 81.02288055419922
        },
        {
            "xc": 0,
            "xs": [
                -8,
                -6,
                0,
                6,
                8
            ],
            "yc": 50
        },
        {
            "xc": 0,
            "xs": [
                -8,
                -6,
                0,
                4,
                10
            ],
            "yc": 50
        },
        {
            "xc": 0,
            "xs": [
                -8,
                -6,
                2,
                2,
                10
            ],
            "yc": 44.06744384765625
        },
        {
            "xc": 0,
            "xs": [
                -8,
                -4,
                0,
                4,
                8
            ],
            "yc": 50
        },
        {
            "xc": 0,
            "xs": [
                -8,
                -4,
                2,
                2,
                8
            ],
            "yc": 42.358489990234375
        },
        {
            "xc": 4,
            "xs": [
                -9,
                -6,
                1,
                2,
                8
            ],
            "yc": 82.35941314697266
        },
        {
            "xc": 0,
            "xs": [
                -8,
                -6,
                2,
                2,
                10
            ],
            "yc": 44.06744384765625
        },
        {
            "xc": 4,
            "xs": [
                -8,
                -6,
                0,
                2,
                8
            ],
            "yc": 82.54084777832031
        },
        {
            "xc": -2,
            "xs": [
                -6,
                -6,
                2,
                2,
                10
            ],
            "yc": 37.68247985839844
        },
        {
            "xc": 9,
            "xs": [
                -10,
                -6,
                -1,
                2,
                6
            ],
            "yc": 100
        },
        {
            "xc": 3,
            "xs": [
                -8,
                -6,
                -1,
                4,
                8
            ],
            "yc": 69.62061309814453
        },
        {
            "xc": 5,
            "xs": [
                -8,
                -6,
                -1,
                2,
                8
            ],
            "yc": 86.5221939086914
        },
        {
            "xc": 7,
            "xs": [
                -9,
                -6,
                -2,
                2,
                8
            ],
            "yc": 95.15753173828125
        },
        {
            "xc": -4,
            "xs": [
                -6,
                -6,
                2,
                4,
                10
            ],
            "yc": 31.194028854370117
        },
        {
            "xc": 3,
            "xs": [
                -7,
                -6,
                -2,
                2,
                10
            ],
            "yc": 77.94805145263672
        },
        {
            "xc": -4,
            "xs": [
                -6,
                -6,
                2,
                4,
                10
            ],
            "yc": 31.194028854370117
        },
        {
            "xc": 2,
            "xs": [
                -8,
                -6,
                0,
                4,
                8
            ],
            "yc": 62.49199295043945
        },
        {
            "xc": -3,
            "xs": [
                -7,
                -6,
                0,
                6,
                10
            ],
            "yc": 37.072574615478516
        },
        {
            "xc": -4,
            "xs": [
                -8,
                -6,
                2,
                6,
                10
            ],
            "yc": 31.547773361206055
        },
        {
            "xc": 4,
            "xs": [
                -8,
                -6,
                -1,
                3,
                8
            ],
            "yc": 79.74808502197266
        },
        {
            "xc": 4,
            "xs": [
                -8,
                -6,
                -2,
                4,
                8
            ],
            "yc": 75
        },
        {
            "xc": -4,
            "xs": [
                -7,
                -4,
                2,
                6,
                7
            ],
            "yc": 25
        },
        {
            "xc": -2,
            "xs": [
                -8,
                -6,
                0,
                6,
                10
            ],
            "yc": 41.237831115722656
        },
        {
            "xc": 2,
            "xs": [
                -8,
                -6,
                0,
                2,
                10
            ],
            "yc": 75
        },
        {
            "xc": -4,
            "xs": [
                -6,
                -6,
                2,
                4,
                10
            ],
            "yc": 31.194028854370117
        },
        {
            "xc": 0,
            "xs": [
                -8,
                -4,
                0,
                4,
                8
            ],
            "yc": 50
        },
        {
            "xc": 6,
            "xs": [
                -10,
                -6,
                0,
                4,
                6
            ],
            "yc": 100
        },
        {
            "xc": 2,
            "xs": [
                -8,
                -6,
                0,
                2,
                10
            ],
            "yc": 75
        },
        {
            "xc": -3,
            "xs": [
                -8,
                -6,
                2,
                5,
                10
            ],
            "yc": 34.62065887451172
        },
        {
            "xc": 10,
            "xs": [
                -10,
                -6,
                -2,
                2,
                6
            ],
            "yc": 100
        },
        {
            "xc": 5,
            "xs": [
                -9,
                -6,
                -2,
                4,
                8
            ],
            "yc": 81.02288055419922
        },
        {
            "xc": 4,
            "xs": [
                -10,
                -6,
                -2,
                5,
                9
            ],
            "yc": 71.00666809082031
        },
        {
            "xc": 5,
            "xs": [
                -10,
                -6,
                -1,
                4,
                8
            ],
            "yc": 80.99836730957031
        },
        {
            "xc": 6,
            "xs": [
                -10,
                -6,
                -2,
                3,
                9
            ],
            "yc": 86.71923065185547
        },
        {
            "xc": -2,
            "xs": [
                -10,
                -6,
                2,
                6,
                10
            ],
            "yc": 37.702430725097656
        },
        {
            "xc": 8,
            "xs": [
                -10,
                -6,
                -2,
                2,
                8
            ],
            "yc": 100
        },
        {
            "xc": -8,
            "xs": [
                -6,
                -4,
                2,
                6,
                10
            ],
            "yc": 0
        },
        {
            "xc": 7,
            "xs": [
                -8,
                -6,
                -2,
                2,
                7
            ],
            "yc": 100
        },
        {
            "xc": 3,
            "xs": [
                -8,
                -6,
                1,
                4,
                6
            ],
            "yc": 66.70560455322266
        },
        {
            "xc": 5,
            "xs": [
                -10,
                -6,
                -1,
                4,
                8
            ],
            "yc": 80.99836730957031
        },
        {
            "xc": 3,
            "xs": [
                -9,
                -6,
                0,
                4,
                8
            ],
            "yc": 68.48109436035156
        },
        {
            "xc": 0,
            "xs": [
                -8,
                -6,
                2,
                2,
                10
            ],
            "yc": 44.06744384765625
        },
        {
            "xc": -1,
            "xs": [
                -8,
                -6,
                0,
                5,
                10
            ],
            "yc": 45.42295837402344
        },
        {
            "xc": 1,
            "xs": [
                -8,
                -5,
                1,
                2,
                9
            ],
            "yc": 50
        },
        {
            "xc": -1,
            "xs": [
                -7,
                -6,
                2,
                2,
                10
            ],
            "yc": 40.96146774291992
        },
        {
            "xc": 3,
            "xs": [
                -7,
                -6,
                -2,
                2,
                10
            ],
            "yc": 77.94805145263672
        },
        {
            "xc": -1,
            "xs": [
                -7,
                -6,
                0,
                4,
                10
            ],
            "yc": 45.3588752746582
        },
        {
            "xc": 3,
            "xs": [
                -9,
                -6,
                0,
                2,
                10
            ],
            "yc": 77.87151336669922
        },
        {
            "xc": 5,
            "xs": [
                -9,
                -6,
                -2,
                2,
                10
            ],
            "yc": 83.56732177734375
        },
        {
            "xc": 5,
            "xs": [
                -8,
                -6,
                0,
                2,
                7
            ],
            "yc": 88.91606903076172
        },
        {
            "xc": 1,
            "xs": [
                -8,
                -6,
                0,
                3,
                10
            ],
            "yc": 58.37297058105469
        },
        {
            "xc": 5,
            "xs": [
                -8,
                -6,
                -2,
                3,
                8
            ],
            "yc": 84.42731475830078
        },
        {
            "xc": 6,
            "xs": [
                -10,
                -6,
                -2,
                4,
                8
            ],
            "yc": 86.96841430664062
        },
        {
            "xc": -3,
            "xs": [
                -7,
                -4,
                0,
                6,
                8
            ],
            "yc": 31.472919464111328
        },
        {
            "xc": -3,
            "xs": [
                -7,
                -6,
                2,
                6,
                8
            ],
            "yc": 34.38433837890625
        },
        {
            "xc": -4,
            "xs": [
                -8,
                -6,
                2,
                6,
                10
            ],
            "yc": 31.547773361206055
        },
        {
            "xc": 2,
            "xs": [
                -8,
                -6,
                0,
                4,
                8
            ],
            "yc": 62.49199295043945
        },
        {
            "xc": 0,
            "xs": [
                -6,
                -6,
                0,
                4,
                8
            ],
            "yc": 50
        },
        {
            "xc": 5,
            "xs": [
                -10,
                -6,
                0,
                3,
                8
            ],
            "yc": 84.28400421142578
        },
        {
            "xc": -8,
            "xs": [
                -8,
                -2,
                2,
                6,
                10
            ],
            "yc": 0
        },
        {
            "xc": -8,
            "xs": [
                -8,
                -2,
                2,
                6,
                10
            ],
            "yc": 0
        },
        {
            "xc": -8,
            "xs": [
                -8,
                -2,
                2,
                6,
                10
            ],
            "yc": 0
        },
        {
            "xc": 7,
            "xs": [
                -10,
                -6,
                1,
                2,
                6
            ],
            "yc": 100
        },
        {
            "xc": 10,
            "xs": [
                -10,
                -6,
                -2,
                2,
                6
            ],
            "yc": 100
        },
        {
            "xc": -6,
            "xs": [
                -8,
                -4,
                2,
                6,
                10
            ],
            "yc": 13.031583786010742
        },
        {
            "xc": -5,
            "xs": [
                -8,
                -4,
                1,
                6,
                10
            ],
            "yc": 19.001636505126953
        },
        {
            "xc": -8,
            "xs": [
                -8,
                -2,
                2,
                6,
                10
            ],
            "yc": 0
        },
        {
            "xc": 4,
            "xs": [
                -10,
                -5,
                -1,
                4,
                8
            ],
            "yc": 75
        },
        {
            "xc": 8,
            "xs": [
                -10,
                -6,
                -2,
                2,
                8
            ],
            "yc": 100
        },
        {
            "xc": 7,
            "xs": [
                -10,
                -6,
                -1,
                2,
                8
            ],
            "yc": 95.10497283935547
        },
        {
            "xc": 8,
            "xs": [
                -10,
                -6,
                -2,
                2,
                8
            ],
            "yc": 100
        },
        {
            "xc": 7,
            "xs": [
                -10,
                -6,
                -1,
                3,
                7
            ],
            "yc": 100
        },
        {
            "xc": 8,
            "xs": [
                -8,
                -6,
                -2,
                2,
                6
            ],
            "yc": 100
        }
    ]
}