{
    "path": "evaluated_models/chatglm2-6b.json",
    "average_score": 61.07867272173772,
    "logs": [
        {
            "xc": 3,
            "xs": [
                -8,
                -6,
                0,
                3,
                8
            ],
            "yc": 75
        },
        {
            "xc": -1,
            "xs": [
                -8,
                -4,
                1,
                4,
                8
            ],
            "yc": 40.09420394897461
        },
        {
            "xc": 8,
            "xs": [
                -10,
                -6,
                -2,
                4,
                6
            ],
            "yc": 100
        },
        {
            "xc": 3,
            "xs": [
                -8,
                -6,
                -1,
                4,
                8
            ],
            "yc": 69.62061309814453
        },
        {
            "xc": 4,
            "xs": [
                -8,
                -6,
                -2,
                4,
                8
            ],
            "yc": 75
        },
        {
            "xc": 5,
            "xs": [
                -8,
                -6,
                -2,
                3,
                8
            ],
            "yc": 84.42731475830078
        },
        {
            "xc": 6,
            "xs": [
                -10,
                -6,
                0,
                2,
                8
            ],
            "yc": 90.53118896484375
        },
        {
            "xc": 4,
            "xs": [
                -8,
                -6,
                -1,
                4,
                7
            ],
            "yc": 75
        },
        {
            "xc": 4,
            "xs": [
                -8,
                -6,
                -1,
                4,
                7
            ],
            "yc": 75
        },
        {
            "xc": 3,
            "xs": [
                -8,
                -6,
                0,
                4,
                7
            ],
            "yc": 68.5270767211914
        },
        {
            "xc": 2,
            "xs": [
                -8,
                -6,
                0,
                4,
                8
            ],
            "yc": 62.49199295043945
        },
        {
            "xc": 2,
            "xs": [
                -8,
                -6,
                0,
                4,
                8
            ],
            "yc": 62.49199295043945
        },
        {
            "xc": 1,
            "xs": [
                -7,
                -6,
                0,
                4,
                8
            ],
            "yc": 56.50349807739258
        },
        {
            "xc": 2,
            "xs": [
                -8,
                -6,
                0,
                4,
                8
            ],
            "yc": 62.49199295043945
        },
        {
            "xc": 0,
            "xs": [
                -7,
                -6,
                0,
                5,
                8
            ],
            "yc": 50
        },
        {
            "xc": 7,
            "xs": [
                -9,
                -6,
                -2,
                4,
                6
            ],
            "yc": 100
        },
        {
            "xc": 7,
            "xs": [
                -9,
                -6,
                -2,
                4,
                6
            ],
            "yc": 100
        },
        {
            "xc": 2,
            "xs": [
                -7,
                -6,
                0,
                4,
                7
            ],
            "yc": 62.573204040527344
        },
        {
            "xc": 7,
            "xs": [
                -9,
                -6,
                -2,
                4,
                6
            ],
            "yc": 100
        },
        {
            "xc": 1,
            "xs": [
                -8,
                -6,
                0,
                4,
                9
            ],
            "yc": 56.4521484375
        },
        {
            "xc": 3,
            "xs": [
                -8,
                -6,
                -1,
                4,
                8
            ],
            "yc": 69.62061309814453
        },
        {
            "xc": -5,
            "xs": [
                -7,
                -4,
                0,
                6,
                10
            ],
            "yc": 17.00904083251953
        },
        {
            "xc": 2,
            "xs": [
                -10,
                -4,
                -2,
                4,
                10
            ],
            "yc": 65.95966339111328
        },
        {
            "xc": -1,
            "xs": [
                -7,
                -6,
                0,
                4,
                10
            ],
            "yc": 45.3588752746582
        },
        {
            "xc": 1,
            "xs": [
                -10,
                -5,
                0,
                4,
                10
            ],
            "yc": 56.38963317871094
        },
        {
            "xc": -6,
            "xs": [
                -6,
                -2,
                0,
                6,
                8
            ],
            "yc": 0
        },
        {
            "xc": 2,
            "xs": [
                -8,
                -6,
                0,
                4,
                8
            ],
            "yc": 62.49199295043945
        },
        {
            "xc": -5,
            "xs": [
                -6,
                -4,
                0,
                5,
                10
            ],
            "yc": 12.89509105682373
        },
        {
            "xc": -8,
            "xs": [
                -6,
                -2,
                0,
                6,
                10
            ],
            "yc": 0
        },
        {
            "xc": -2,
            "xs": [
                -6,
                -6,
                0,
                4,
                10
            ],
            "yc": 40.951744079589844
        },
        {
            "xc": 1,
            "xs": [
                -8,
                -6,
                0,
                4,
                9
            ],
            "yc": 56.4521484375
        },
        {
            "xc": -2,
            "xs": [
                -8,
                -4,
                0,
                6,
                8
            ],
            "yc": 37.50800704956055
        },
        {
            "xc": 1,
            "xs": [
                -8,
                -6,
                0,
                5,
                8
            ],
            "yc": 55.35537338256836
        },
        {
            "xc": 0,
            "xs": [
                -9,
                -6,
                0,
                6,
                9
            ],
            "yc": 50
        },
        {
            "xc": -2,
            "xs": [
                -6,
                -6,
                0,
                6,
                8
            ],
            "yc": 40.861087799072266
        },
        {
            "xc": 0,
            "xs": [
                -8,
                -6,
                0,
                6,
                8
            ],
            "yc": 50
        },
        {
            "xc": -3,
            "xs": [
                -7,
                -6,
                0,
                6,
                10
            ],
            "yc": 37.072574615478516
        },
        {
            "xc": 2,
            "xs": [
                -8,
                -6,
                0,
                4,
                8
            ],
            "yc": 62.49199295043945
        },
        {
            "xc": 0,
            "xs": [
                -8,
                -6,
                0,
                5,
                9
            ],
            "yc": 50
        },
        {
            "xc": -1,
            "xs": [
                -7,
                -6,
                0,
                5,
                9
            ],
            "yc": 45.332618713378906
        },
        {
            "xc": -6,
            "xs": [
                -8,
                -2,
                2,
                6,
                8
            ],
            "yc": 9.276206016540527
        },
        {
            "xc": 6,
            "xs": [
                -10,
                -6,
                0,
                4,
                6
            ],
            "yc": 100
        },
        {
            "xc": -2,
            "xs": [
                -7,
                -6,
                2,
                5,
                8
            ],
            "yc": 37.433509826660156
        },
        {
            "xc": 0,
            "xs": [
                -8,
                -6,
                0,
                5,
                9
            ],
            "yc": 50
        },
        {
            "xc": 1,
            "xs": [
                -9,
                -6,
                1,
                5,
                8
            ],
            "yc": 50
        },
        {
            "xc": -1,
            "xs": [
                -8,
                -6,
                0,
                6,
                9
            ],
            "yc": 45.40531921386719
        },
        {
            "xc": -2,
            "xs": [
                -10,
                -4,
                2,
                6,
                8
            ],
            "yc": 33.874366760253906
        },
        {
            "xc": 0,
            "xs": [
                -9,
                -6,
                1,
                5,
                9
            ],
            "yc": 46.13212203979492
        },
        {
            "xc": -1,
            "xs": [
                -8,
                -4,
                1,
                4,
                8
            ],
            "yc": 40.09420394897461
        },
        {
            "xc": 0,
            "xs": [
                -8,
                -4,
                0,
                4,
                8
            ],
            "yc": 50
        },
        {
            "xc": 0,
            "xs": [
                -8,
                -6,
                0,
                4,
                10
            ],
            "yc": 50
        },
        {
            "xc": 8,
            "xs": [
                -10,
                -6,
                -2,
                2,
                8
            ],
            "yc": 100
        },
        {
            "xc": 7,
            "xs": [
                -8,
                -6,
                -2,
                2,
                7
            ],
            "yc": 100
        },
        {
            "xc": 0,
            "xs": [
                -8,
                -5,
                2,
                3,
                8
            ],
            "yc": 43.021793365478516
        },
        {
            "xc": 7,
            "xs": [
                -8,
                -6,
                -1,
                2,
                6
            ],
            "yc": 100
        },
        {
            "xc": 3,
            "xs": [
                -7,
                -6,
                0,
                2,
                8
            ],
            "yc": 78.8404541015625
        },
        {
            "xc": 7,
            "xs": [
                -8,
                -6,
                -2,
                2,
                7
            ],
            "yc": 100
        },
        {
            "xc": -2,
            "xs": [
                -6,
                -6,
                2,
                2,
                10
            ],
            "yc": 37.68247985839844
        },
        {
            "xc": 6,
            "xs": [
                -7,
                -6,
                -1,
                2,
                6
            ],
            "yc": 100
        },
        {
            "xc": 6,
            "xs": [
                -9,
                -6,
                -1,
                3,
                7
            ],
            "yc": 93.08352661132812
        },
        {
            "xc": 3,
            "xs": [
                -8,
                -6,
                -2,
                3,
                10
            ],
            "yc": 75
        },
        {
            "xc": 0,
            "xs": [
                -8,
                -4,
                0,
                4,
                8
            ],
            "yc": 50
        },
        {
            "xc": 2,
            "xs": [
                -8,
                -6,
                0,
                2,
                10
            ],
            "yc": 75
        },
        {
            "xc": 3,
            "xs": [
                -10,
                -6,
                0,
                3,
                10
            ],
            "yc": 75
        },
        {
            "xc": 1,
            "xs": [
                -8,
                -6,
                0,
                3,
                10
            ],
            "yc": 58.37297058105469
        },
        {
            "xc": 5,
            "xs": [
                -8,
                -6,
                0,
                2,
                7
            ],
            "yc": 88.91606903076172
        },
        {
            "xc": 4,
            "xs": [
                -8,
                -6,
                -1,
                5,
                6
            ],
            "yc": 70.69141387939453
        },
        {
            "xc": 0,
            "xs": [
                -8,
                -6,
                0,
                6,
                8
            ],
            "yc": 50
        },
        {
            "xc": 4,
            "xs": [
                -8,
                -6,
                -2,
                4,
                8
            ],
            "yc": 75
        },
        {
            "xc": -1,
            "xs": [
                -8,
                -6,
                0,
                5,
                10
            ],
            "yc": 45.42295837402344
        },
        {
            "xc": 1,
            "xs": [
                -7,
                -4,
                0,
                4,
                6
            ],
            "yc": 56.62187957763672
        },
        {
            "xc": -2,
            "xs": [
                -8,
                -6,
                2,
                5,
                9
            ],
            "yc": 37.58827209472656
        },
        {
            "xc": 5,
            "xs": [
                -7,
                -6,
                -2,
                2,
                8
            ],
            "yc": 86.61132049560547
        },
        {
            "xc": 1,
            "xs": [
                -8,
                -6,
                2,
                2,
                9
            ],
            "yc": 47.02627944946289
        },
        {
            "xc": 1,
            "xs": [
                -8,
                -5,
                0,
                4,
                8
            ],
            "yc": 56.48334503173828
        },
        {
            "xc": 2,
            "xs": [
                -8,
                -4,
                0,
                4,
                6
            ],
            "yc": 62.60896682739258
        },
        {
            "xc": -3,
            "xs": [
                -7,
                -6,
                2,
                4,
                10
            ],
            "yc": 34.54004669189453
        },
        {
            "xc": 5,
            "xs": [
                -9,
                -6,
                0,
                2,
                8
            ],
            "yc": 86.39629364013672
        },
        {
            "xc": -4,
            "xs": [
                -6,
                -6,
                2,
                4,
                10
            ],
            "yc": 31.194028854370117
        },
        {
            "xc": 3,
            "xs": [
                -8,
                -6,
                -2,
                4,
                9
            ],
            "yc": 70.35227966308594
        },
        {
            "xc": 7,
            "xs": [
                -10,
                -6,
                -2,
                4,
                7
            ],
            "yc": 100
        },
        {
            "xc": 5,
            "xs": [
                -10,
                -6,
                -1,
                4,
                8
            ],
            "yc": 80.99836730957031
        },
        {
            "xc": 3,
            "xs": [
                -10,
                -6,
                0,
                4,
                9
            ],
            "yc": 68.4519271850586
        },
        {
            "xc": 1,
            "xs": [
                -10,
                -6,
                1,
                4,
                10
            ],
            "yc": 50
        },
        {
            "xc": 2,
            "xs": [
                -10,
                -6,
                0,
                4,
                10
            ],
            "yc": 62.39200973510742
        },
        {
            "xc": -4,
            "xs": [
                -6,
                -6,
                2,
                4,
                10
            ],
            "yc": 31.194028854370117
        },
        {
            "xc": 3,
            "xs": [
                -9,
                -6,
                0,
                4,
                8
            ],
            "yc": 68.48109436035156
        },
        {
            "xc": 1,
            "xs": [
                -8,
                -6,
                2,
                3,
                8
            ],
            "yc": 46.747352600097656
        },
        {
            "xc": 5,
            "xs": [
                -10,
                -6,
                -1,
                4,
                8
            ],
            "yc": 80.99836730957031
        },
        {
            "xc": 3,
            "xs": [
                -9,
                -6,
                0,
                4,
                8
            ],
            "yc": 68.48109436035156
        },
        {
            "xc": 5,
            "xs": [
                -9,
                -6,
                0,
                2,
                8
            ],
            "yc": 86.39629364013672
        },
        {
            "xc": 1,
            "xs": [
                -8,
                -6,
                0,
                5,
                8
            ],
            "yc": 55.35537338256836
        },
        {
            "xc": 0,
            "xs": [
                -8,
                -6,
                1,
                4,
                9
            ],
            "yc": 46.112457275390625
        },
        {
            "xc": -1,
            "xs": [
                -8,
                -6,
                2,
                4,
                9
            ],
            "yc": 40.64861297607422
        },
        {
            "xc": 6,
            "xs": [
                -8,
                -6,
                -2,
                2,
                8
            ],
            "yc": 90.72379302978516
        },
        {
            "xc": 1,
            "xs": [
                -7,
                -6,
                -2,
                4,
                10
            ],
            "yc": 62.13333511352539
        },
        {
            "xc": -4,
            "xs": [
                -8,
                -6,
                2,
                6,
                10
            ],
            "yc": 31.547773361206055
        },
        {
            "xc": 5,
            "xs": [
                -9,
                -6,
                0,
                2,
                8
            ],
            "yc": 86.39629364013672
        },
        {
            "xc": -1,
            "xs": [
                -8,
                -6,
                1,
                4,
                10
            ],
            "yc": 42.59519577026367
        },
        {
            "xc": 2,
            "xs": [
                -8,
                -6,
                0,
                4,
                8
            ],
            "yc": 62.49199295043945
        },
        {
            "xc": 5,
            "xs": [
                -8,
                -6,
                -2,
                3,
                8
            ],
            "yc": 84.42731475830078
        },
        {
            "xc": -4,
            "xs": [
                -8,
                -6,
                2,
                6,
                10
            ],
            "yc": 31.547773361206055
        },
        {
            "xc": -1,
            "xs": [
                -7,
                -6,
                0,
                5,
                9
            ],
            "yc": 45.332618713378906
        },
        {
            "xc": 3,
            "xs": [
                -9,
                -6,
                0,
                5,
                7
            ],
            "yc": 65.0744400024414
        },
        {
            "xc": -3,
            "xs": [
                -8,
                -6,
                2,
                6,
                9
            ],
            "yc": 34.55223846435547
        },
        {
            "xc": -5,
            "xs": [
                -8,
                -4,
                2,
                6,
                9
            ],
            "yc": 18.977121353149414
        },
        {
            "xc": -1,
            "xs": [
                -8,
                -6,
                2,
                4,
                9
            ],
            "yc": 40.64861297607422
        },
        {
            "xc": 1,
            "xs": [
                -10,
                -6,
                2,
                6,
                7
            ],
            "yc": 46.645652770996094
        },
        {
            "xc": -8,
            "xs": [
                -8,
                -2,
                2,
                6,
                10
            ],
            "yc": 0
        },
        {
            "xc": -8,
            "xs": [
                -8,
                -2,
                2,
                6,
                10
            ],
            "yc": 0
        },
        {
            "xc": 6,
            "xs": [
                -10,
                -6,
                -2,
                4,
                8
            ],
            "yc": 86.96841430664062
        },
        {
            "xc": 9,
            "xs": [
                -10,
                -6,
                -1,
                2,
                6
            ],
            "yc": 100
        },
        {
            "xc": 10,
            "xs": [
                -10,
                -6,
                -2,
                2,
                6
            ],
            "yc": 100
        },
        {
            "xc": 5,
            "xs": [
                -10,
                -6,
                -1,
                4,
                8
            ],
            "yc": 80.99836730957031
        },
        {
            "xc": -3,
            "xs": [
                -8,
                -6,
                1,
                6,
                10
            ],
            "yc": 35.68921661376953
        },
        {
            "xc": 4,
            "xs": [
                -10,
                -6,
                0,
                4,
                8
            ],
            "yc": 75
        },
        {
            "xc": 5,
            "xs": [
                -10,
                -6,
                -1,
                4,
                8
            ],
            "yc": 80.99836730957031
        },
        {
            "xc": 6,
            "xs": [
                -10,
                -6,
                -2,
                4,
                8
            ],
            "yc": 86.96841430664062
        },
        {
            "xc": 5,
            "xs": [
                -10,
                -6,
                -1,
                4,
                8
            ],
            "yc": 80.99836730957031
        },
        {
            "xc": 8,
            "xs": [
                -10,
                -6,
                -2,
                2,
                8
            ],
            "yc": 100
        },
        {
            "xc": 4,
            "xs": [
                -10,
                -5,
                -1,
                4,
                8
            ],
            "yc": 75
        },
        {
            "xc": 8,
            "xs": [
                -8,
                -6,
                -2,
                2,
                6
            ],
            "yc": 100
        }
    ]
}